<?xml version="1.0" encoding="UTF-8"?>
<testng-results ignored="0" total="3" passed="3" failed="0" skipped="0">
  <reporter-output>
  </reporter-output>
  <suite started-at="2023-04-11T09:16:49 GMT-04:00" name="BootCamp" finished-at="2023-04-11T09:17:21 GMT-04:00" duration-ms="31469">
    <groups>
    </groups>
    <test started-at="2023-04-11T09:16:49 GMT-04:00" name="TutorialNingaUI" finished-at="2023-04-11T09:17:21 GMT-04:00" duration-ms="31469">
      <class name="testCases.TC_001_AccountRegistrationTest">
        <test-method is-config="true" signature="setup(java.lang.String)[pri:0, instance:testCases.TC_001_AccountRegistrationTest@1224144a]" started-at="2023-04-11T09:16:50 GMT-04:00" name="setup" finished-at="2023-04-11T09:17:00 GMT-04:00" duration-ms="10245" status="PASS">
          <params>
            <param index="0">
              <value>
                <![CDATA[chrome]]>
              </value>
            </param>
          </params>
          <reporter-output>
          </reporter-output>
        </test-method> <!-- setup -->
        <test-method signature="test_account_Registration()[pri:0, instance:testCases.TC_001_AccountRegistrationTest@1224144a]" started-at="2023-04-11T09:17:00 GMT-04:00" name="test_account_Registration" finished-at="2023-04-11T09:17:04 GMT-04:00" duration-ms="3754" status="PASS">
          <reporter-output>
          </reporter-output>
        </test-method> <!-- test_account_Registration -->
        <test-method is-config="true" signature="tearDown()[pri:0, instance:testCases.TC_001_AccountRegistrationTest@1224144a]" started-at="2023-04-11T09:17:04 GMT-04:00" name="tearDown" finished-at="2023-04-11T09:17:05 GMT-04:00" duration-ms="635" status="PASS">
          <reporter-output>
          </reporter-output>
        </test-method> <!-- tearDown -->
      </class> <!-- testCases.TC_001_AccountRegistrationTest -->
      <class name="testCases.TC_002_LoginTest">
        <test-method is-config="true" signature="setup(java.lang.String)[pri:0, instance:testCases.TC_002_LoginTest@2f67a4d3]" started-at="2023-04-11T09:17:05 GMT-04:00" name="setup" finished-at="2023-04-11T09:17:10 GMT-04:00" duration-ms="5642" status="PASS">
          <params>
            <param index="0">
              <value>
                <![CDATA[chrome]]>
              </value>
            </param>
          </params>
          <reporter-output>
          </reporter-output>
        </test-method> <!-- setup -->
        <test-method signature="test_Login()[pri:0, instance:testCases.TC_002_LoginTest@2f67a4d3]" started-at="2023-04-11T09:17:10 GMT-04:00" name="test_Login" finished-at="2023-04-11T09:17:12 GMT-04:00" duration-ms="2076" status="PASS">
          <reporter-output>
          </reporter-output>
        </test-method> <!-- test_Login -->
        <test-method is-config="true" signature="tearDown()[pri:0, instance:testCases.TC_002_LoginTest@2f67a4d3]" started-at="2023-04-11T09:17:12 GMT-04:00" name="tearDown" finished-at="2023-04-11T09:17:13 GMT-04:00" duration-ms="373" status="PASS">
          <reporter-output>
          </reporter-output>
        </test-method> <!-- tearDown -->
      </class> <!-- testCases.TC_002_LoginTest -->
      <class name="testCases.TC_003_SearchProductTest">
        <test-method is-config="true" signature="setup(java.lang.String)[pri:0, instance:testCases.TC_003_SearchProductTest@2fb0623e]" started-at="2023-04-11T09:17:13 GMT-04:00" name="setup" finished-at="2023-04-11T09:17:19 GMT-04:00" duration-ms="6176" status="PASS">
          <params>
            <param index="0">
              <value>
                <![CDATA[chrome]]>
              </value>
            </param>
          </params>
          <reporter-output>
          </reporter-output>
        </test-method> <!-- setup -->
        <test-method signature="test_searchPruduct()[pri:0, instance:testCases.TC_003_SearchProductTest@2fb0623e]" started-at="2023-04-11T09:17:19 GMT-04:00" name="test_searchPruduct" finished-at="2023-04-11T09:17:20 GMT-04:00" duration-ms="1377" status="PASS">
          <reporter-output>
          </reporter-output>
        </test-method> <!-- test_searchPruduct -->
        <test-method is-config="true" signature="tearDown()[pri:0, instance:testCases.TC_003_SearchProductTest@2fb0623e]" started-at="2023-04-11T09:17:20 GMT-04:00" name="tearDown" finished-at="2023-04-11T09:17:21 GMT-04:00" duration-ms="401" status="PASS">
          <reporter-output>
          </reporter-output>
        </test-method> <!-- tearDown -->
      </class> <!-- testCases.TC_003_SearchProductTest -->
    </test> <!-- TutorialNingaUI -->
  </suite> <!-- BootCamp -->
</testng-results>
