<?xml version="1.0" encoding="UTF-8"?>
<testng-results ignored="0" total="3" passed="3" failed="0" skipped="0">
  <reporter-output>
  </reporter-output>
  <suite started-at="2023-04-11T08:54:50 GMT-04:00" name="BootCamp" finished-at="2023-04-11T08:55:21 GMT-04:00" duration-ms="31061">
    <groups>
    </groups>
    <test started-at="2023-04-11T08:54:50 GMT-04:00" name="TutorialNingaUI" finished-at="2023-04-11T08:55:21 GMT-04:00" duration-ms="31061">
      <class name="testCases.TC_001_AccountRegistrationTest">
        <test-method is-config="true" signature="setup(java.lang.String)[pri:0, instance:testCases.TC_001_AccountRegistrationTest@7e990ed7]" started-at="2023-04-11T08:54:51 GMT-04:00" name="setup" finished-at="2023-04-11T08:55:01 GMT-04:00" duration-ms="10197" status="PASS">
          <params>
            <param index="0">
              <value>
                <![CDATA[chrome]]>
              </value>
            </param>
          </params>
          <reporter-output>
          </reporter-output>
        </test-method> <!-- setup -->
        <test-method signature="test_account_Registration()[pri:0, instance:testCases.TC_001_AccountRegistrationTest@7e990ed7]" started-at="2023-04-11T08:55:01 GMT-04:00" name="test_account_Registration" finished-at="2023-04-11T08:55:05 GMT-04:00" duration-ms="3739" status="PASS">
          <reporter-output>
          </reporter-output>
        </test-method> <!-- test_account_Registration -->
        <test-method is-config="true" signature="tearDown()[pri:0, instance:testCases.TC_001_AccountRegistrationTest@7e990ed7]" started-at="2023-04-11T08:55:05 GMT-04:00" name="tearDown" finished-at="2023-04-11T08:55:05 GMT-04:00" duration-ms="360" status="PASS">
          <reporter-output>
          </reporter-output>
        </test-method> <!-- tearDown -->
      </class> <!-- testCases.TC_001_AccountRegistrationTest -->
      <class name="testCases.TC_002_LoginTest">
        <test-method is-config="true" signature="setup(java.lang.String)[pri:0, instance:testCases.TC_002_LoginTest@491b9b8]" started-at="2023-04-11T08:55:05 GMT-04:00" name="setup" finished-at="2023-04-11T08:55:11 GMT-04:00" duration-ms="5729" status="PASS">
          <params>
            <param index="0">
              <value>
                <![CDATA[chrome]]>
              </value>
            </param>
          </params>
          <reporter-output>
          </reporter-output>
        </test-method> <!-- setup -->
        <test-method signature="test_Login()[pri:0, instance:testCases.TC_002_LoginTest@491b9b8]" started-at="2023-04-11T08:55:11 GMT-04:00" name="test_Login" finished-at="2023-04-11T08:55:13 GMT-04:00" duration-ms="2153" status="PASS">
          <reporter-output>
          </reporter-output>
        </test-method> <!-- test_Login -->
        <test-method is-config="true" signature="tearDown()[pri:0, instance:testCases.TC_002_LoginTest@491b9b8]" started-at="2023-04-11T08:55:13 GMT-04:00" name="tearDown" finished-at="2023-04-11T08:55:13 GMT-04:00" duration-ms="336" status="PASS">
          <reporter-output>
          </reporter-output>
        </test-method> <!-- tearDown -->
      </class> <!-- testCases.TC_002_LoginTest -->
      <class name="testCases.TC_003_SearchProductTest">
        <test-method is-config="true" signature="setup(java.lang.String)[pri:0, instance:testCases.TC_003_SearchProductTest@7a6d7e92]" started-at="2023-04-11T08:55:13 GMT-04:00" name="setup" finished-at="2023-04-11T08:55:19 GMT-04:00" duration-ms="5820" status="PASS">
          <params>
            <param index="0">
              <value>
                <![CDATA[chrome]]>
              </value>
            </param>
          </params>
          <reporter-output>
          </reporter-output>
        </test-method> <!-- setup -->
        <test-method signature="test_searchPruduct()[pri:0, instance:testCases.TC_003_SearchProductTest@7a6d7e92]" started-at="2023-04-11T08:55:19 GMT-04:00" name="test_searchPruduct" finished-at="2023-04-11T08:55:20 GMT-04:00" duration-ms="1337" status="PASS">
          <reporter-output>
          </reporter-output>
        </test-method> <!-- test_searchPruduct -->
        <test-method is-config="true" signature="tearDown()[pri:0, instance:testCases.TC_003_SearchProductTest@7a6d7e92]" started-at="2023-04-11T08:55:20 GMT-04:00" name="tearDown" finished-at="2023-04-11T08:55:21 GMT-04:00" duration-ms="407" status="PASS">
          <reporter-output>
          </reporter-output>
        </test-method> <!-- tearDown -->
      </class> <!-- testCases.TC_003_SearchProductTest -->
    </test> <!-- TutorialNingaUI -->
  </suite> <!-- BootCamp -->
</testng-results>
