<?xml version="1.0" encoding="UTF-8"?>
<!-- Generated by org.testng.reporters.JUnitXMLReporter -->
<testsuite hostname="DESKTOP-MMK2S3A" ignored="0" name="tutorialNingaUI" tests="3" failures="0" timestamp="11 Apr 2023 16:27:29 GMT" time="33.994" errors="0">
  <testcase name="test_account_Registration" time="4.174" classname="testCases.TC_001_AccountRegistrationTest"/>
  <testcase name="test_Login" time="2.024" classname="testCases.TC_002_LoginTest"/>
  <testcase name="test_searchPruduct" time="1.393" classname="testCases.TC_003_SearchProductTest"/>
</testsuite> <!-- tutorialNingaUI -->
