<?xml version="1.0" encoding="UTF-8"?>
<!-- Generated by org.testng.reporters.JUnitXMLReporter -->
<testsuite ignored="0" hostname="DESKTOP-MMK2S3A" failures="0" tests="3" name="TutorialNingaUI" time="31.469" errors="0" timestamp="2023-04-11T09:17:21 GMT-04:00">
  <testcase classname="testCases.TC_001_AccountRegistrationTest" name="test_account_Registration" time="3.754"/>
  <testcase classname="testCases.TC_002_LoginTest" name="test_Login" time="2.076"/>
  <testcase classname="testCases.TC_003_SearchProductTest" name="test_searchPruduct" time="1.377"/>
</testsuite> <!-- TutorialNingaUI -->
